2026-04-03 10:29:35 - Starting Docker setup...
2026-04-03 10:29:35 - Removing old Docker versions if any...

WARNING: apt does not have a stable CLI interface. Use with caution in scripts.

Reading package lists...
Building dependency tree...
Reading state information...
Package 'docker' is not installed, so not removed
E: Unable to locate package docker-engine
2026-04-03 10:29:42 - Installing dependencies...

WARNING: apt does not have a stable CLI interface. Use with caution in scripts.

Hit:1 http://ports.ubuntu.com/ubuntu-ports noble InRelease
Get:2 http://ports.ubuntu.com/ubuntu-ports noble-updates InRelease [126 kB]
Get:3 http://ports.ubuntu.com/ubuntu-ports noble-backports InRelease [126 kB]
Get:4 http://ports.ubuntu.com/ubuntu-ports noble-security InRelease [126 kB]
Get:5 http://ports.ubuntu.com/ubuntu-ports noble-updates/main arm64 Packages [1,997 kB]
Get:6 http://ports.ubuntu.com/ubuntu-ports noble-updates/main Translation-en [342 kB]
Get:7 http://ports.ubuntu.com/ubuntu-ports noble-updates/main arm64 Components [174 kB]
Get:8 http://ports.ubuntu.com/ubuntu-ports noble-updates/main arm64 c-n-f Metadata [16.7 kB]
Get:9 http://ports.ubuntu.com/ubuntu-ports noble-updates/restricted arm64 Components [212 B]
Get:10 http://ports.ubuntu.com/ubuntu-ports noble-updates/universe arm64 Packages [1,635 kB]
Get:11 http://ports.ubuntu.com/ubuntu-ports noble-updates/universe Translation-en [322 kB]
Get:12 http://ports.ubuntu.com/ubuntu-ports noble-updates/universe arm64 Components [385 kB]
Get:13 http://ports.ubuntu.com/ubuntu-ports noble-updates/universe arm64 c-n-f Metadata [32.8 kB]
Get:14 http://ports.ubuntu.com/ubuntu-ports noble-updates/multiverse arm64 Components [212 B]
Get:15 http://ports.ubuntu.com/ubuntu-ports noble-backports/main arm64 Components [3,576 B]
Get:16 http://ports.ubuntu.com/ubuntu-ports noble-backports/restricted arm64 Components [216 B]
Get:17 http://ports.ubuntu.com/ubuntu-ports noble-backports/universe arm64 Components [13.1 kB]
Get:18 http://ports.ubuntu.com/ubuntu-ports noble-backports/multiverse arm64 Components [212 B]
Get:19 http://ports.ubuntu.com/ubuntu-ports noble-security/main arm64 Packages [1,714 kB]
Get:20 http://ports.ubuntu.com/ubuntu-ports noble-security/main arm64 Components [18.4 kB]
Get:21 http://ports.ubuntu.com/ubuntu-ports noble-security/main arm64 c-n-f Metadata [10.4 kB]
Get:22 http://ports.ubuntu.com/ubuntu-ports noble-security/restricted arm64 Components [212 B]
Get:23 http://ports.ubuntu.com/ubuntu-ports noble-security/universe arm64 Packages [1,169 kB]
Get:24 http://ports.ubuntu.com/ubuntu-ports noble-security/universe arm64 Components [74.2 kB]
Get:25 http://ports.ubuntu.com/ubuntu-ports noble-security/universe arm64 c-n-f Metadata [22.2 kB]
Get:26 http://ports.ubuntu.com/ubuntu-ports noble-security/multiverse arm64 Components [212 B]
Fetched 8,310 kB in 5s (1,767 kB/s)
Reading package lists...
Building dependency tree...
Reading state information...
6 packages can be upgraded. Run 'apt list --upgradable' to see them.

WARNING: apt does not have a stable CLI interface. Use with caution in scripts.

Reading package lists...
Building dependency tree...
Reading state information...
ca-certificates is already the newest version (20240203).
curl is already the newest version (8.5.0-2ubuntu10.8).
gnupg is already the newest version (2.4.4-2ubuntu17.4).
0 upgraded, 0 newly installed, 0 to remove and 6 not upgraded.
2026-04-03 10:29:53 - Adding Docker GPG key...
2026-04-03 10:33:33 - Starting Docker setup...
2026-04-03 10:33:33 - Removing old Docker versions if any...

WARNING: apt does not have a stable CLI interface. Use with caution in scripts.

Reading package lists...
Building dependency tree...
Reading state information...
Package 'docker' is not installed, so not removed
E: Unable to locate package docker-engine
2026-04-03 10:33:34 - Installing dependencies...

WARNING: apt does not have a stable CLI interface. Use with caution in scripts.

Hit:1 http://ports.ubuntu.com/ubuntu-ports noble InRelease
Hit:2 http://ports.ubuntu.com/ubuntu-ports noble-updates InRelease
Hit:3 http://ports.ubuntu.com/ubuntu-ports noble-backports InRelease
Hit:4 http://ports.ubuntu.com/ubuntu-ports noble-security InRelease
Reading package lists...
Building dependency tree...
Reading state information...
6 packages can be upgraded. Run 'apt list --upgradable' to see them.

WARNING: apt does not have a stable CLI interface. Use with caution in scripts.

Reading package lists...
Building dependency tree...
Reading state information...
ca-certificates is already the newest version (20240203).
curl is already the newest version (8.5.0-2ubuntu10.8).
gnupg is already the newest version (2.4.4-2ubuntu17.4).
0 upgraded, 0 newly installed, 0 to remove and 6 not upgraded.
2026-04-03 10:33:37 - Adding Docker GPG key...
2026-04-03 10:33:37 - Setting up Docker repository...
2026-04-03 10:45:02 - Starting Docker setup...
2026-04-03 10:45:02 - Removing old Docker versions if any...

WARNING: apt does not have a stable CLI interface. Use with caution in scripts.

Reading package lists...
Building dependency tree...
Reading state information...
Package 'docker' is not installed, so not removed
E: Unable to locate package docker-engine
2026-04-03 10:45:02 - Installing dependencies...

WARNING: apt does not have a stable CLI interface. Use with caution in scripts.

Hit:1 http://ports.ubuntu.com/ubuntu-ports noble InRelease
Hit:2 http://ports.ubuntu.com/ubuntu-ports noble-updates InRelease
Hit:3 http://ports.ubuntu.com/ubuntu-ports noble-backports InRelease
Hit:4 http://ports.ubuntu.com/ubuntu-ports noble-security InRelease
Reading package lists...
Building dependency tree...
Reading state information...
6 packages can be upgraded. Run 'apt list --upgradable' to see them.

WARNING: apt does not have a stable CLI interface. Use with caution in scripts.

Reading package lists...
Building dependency tree...
Reading state information...
ca-certificates is already the newest version (20240203).
curl is already the newest version (8.5.0-2ubuntu10.8).
gnupg is already the newest version (2.4.4-2ubuntu17.4).
0 upgraded, 0 newly installed, 0 to remove and 6 not upgraded.
2026-04-03 10:45:05 - Adding Docker GPG key...
2026-04-03 10:45:27 - Setting up Docker repository...
2026-04-03 10:47:20 - Starting Docker setup...
2026-04-03 10:47:20 - Removing old Docker versions if any...

WARNING: apt does not have a stable CLI interface. Use with caution in scripts.

Reading package lists...
Building dependency tree...
Reading state information...
Package 'docker' is not installed, so not removed
E: Unable to locate package docker-engine
2026-04-03 10:47:21 - Installing dependencies...

WARNING: apt does not have a stable CLI interface. Use with caution in scripts.

Hit:1 http://ports.ubuntu.com/ubuntu-ports noble InRelease
Hit:2 http://ports.ubuntu.com/ubuntu-ports noble-updates InRelease
Hit:3 http://ports.ubuntu.com/ubuntu-ports noble-backports InRelease
Hit:4 http://ports.ubuntu.com/ubuntu-ports noble-security InRelease
Reading package lists...
Building dependency tree...
Reading state information...
6 packages can be upgraded. Run 'apt list --upgradable' to see them.

WARNING: apt does not have a stable CLI interface. Use with caution in scripts.

Reading package lists...
Building dependency tree...
Reading state information...
ca-certificates is already the newest version (20240203).
curl is already the newest version (8.5.0-2ubuntu10.8).
gnupg is already the newest version (2.4.4-2ubuntu17.4).
0 upgraded, 0 newly installed, 0 to remove and 6 not upgraded.
2026-04-03 10:47:24 - Adding Docker GPG key...
2026-04-03 10:47:27 - Setting up Docker repository...
2026-04-03 10:47:27 - Installing Docker Engine...

WARNING: apt does not have a stable CLI interface. Use with caution in scripts.

Hit:1 http://ports.ubuntu.com/ubuntu-ports noble InRelease
Get:2 https://download.docker.com/linux/ubuntu noble InRelease [48.5 kB]
Hit:3 http://ports.ubuntu.com/ubuntu-ports noble-updates InRelease
Get:4 https://download.docker.com/linux/ubuntu noble/stable arm64 Packages [48.6 kB]
Hit:5 http://ports.ubuntu.com/ubuntu-ports noble-backports InRelease
Hit:6 http://ports.ubuntu.com/ubuntu-ports noble-security InRelease
Fetched 97.1 kB in 1s (110 kB/s)
Reading package lists...
Building dependency tree...
Reading state information...
6 packages can be upgraded. Run 'apt list --upgradable' to see them.
2026-04-03 10:47:48 - Starting and enabling Docker...
