2026-04-03 12:36:29 - message
2026-04-03 12:36:29 - message
[INFO]  Finding release for channel stable
[INFO]  Using v1.34.6+k3s1 as release
[INFO]  Downloading hash https://github.com/k3s-io/k3s/releases/download/v1.34.6%2Bk3s1/sha256sum-arm64.txt
[INFO]  Downloading binary https://github.com/k3s-io/k3s/releases/download/v1.34.6%2Bk3s1/k3s-arm64
[INFO]  Verifying binary download
[INFO]  Installing k3s to /usr/local/bin/k3s
[INFO]  Skipping installation of SELinux RPM
[INFO]  Creating /usr/local/bin/kubectl symlink to k3s
[INFO]  Creating /usr/local/bin/crictl symlink to k3s
[INFO]  Skipping /usr/local/bin/ctr symlink to k3s, command exists in PATH at /usr/bin/ctr
[INFO]  Creating killall script /usr/local/bin/k3s-killall.sh
[INFO]  Creating uninstall script /usr/local/bin/k3s-uninstall.sh
[INFO]  env: Creating environment file /etc/systemd/system/k3s.service.env
[INFO]  systemd: Creating service file /etc/systemd/system/k3s.service
[INFO]  systemd: Enabling k3s unit
Created symlink /etc/systemd/system/multi-user.target.wants/k3s.service → /etc/systemd/system/k3s.service.
[INFO]  systemd: Starting k3s
2026-04-03 12:37:50 - message
2026-04-03 12:37:50 - message
2026-04-03 12:38:01 - message
NAME              STATUS   ROLES           AGE   VERSION        INTERNAL-IP    EXTERNAL-IP   OS-IMAGE             KERNEL-VERSION      CONTAINER-RUNTIME
temple-in-cloud   Ready    control-plane   10s   v1.34.6+k3s1   192.168.64.2   <none>        Ubuntu 24.04.4 LTS   6.8.0-107-generic   containerd://2.2.2-bd1.34
2026-04-03 12:38:01 - message
